<?xml version="1.0" encoding="UTF-8"?>
<!-- Generated by org.testng.reporters.JUnitReportReporter -->
<testsuite hostname="DESKTOP-VC5SNKN" failures="0" tests="2" name="day33.pack.Test3" time="0.002" errors="0" timestamp="2022-07-29T19:29:18 GMT-04:00" skipped="0">
  <testcase classname="day33.pack.Test3" name="c" time="0.001"/>
  <system-out/>
  <testcase classname="day33.pack.Test3" name="c" time="0.001"/>
  <system-out/>
</testsuite> <!-- day33.pack.Test3 -->
