<?xml version="1.0" encoding="UTF-8"?>
<!-- Generated by org.testng.reporters.JUnitReportReporter -->
<testsuite hostname="DESKTOP-VC5SNKN" failures="0" tests="4" name="day33.AllAnnotations" time="0.019" errors="0" timestamp="2022-07-29T19:53:09 GMT-04:00" skipped="0">
  <testcase classname="day33.AllAnnotations" name="tm1" time="0.002"/>
  <system-out/>
  <testcase classname="day33.AllAnnotations" name="tm1" time="0.011"/>
  <system-out/>
  <testcase classname="day33.AllAnnotations" name="tm2" time="0.004"/>
  <system-out/>
  <testcase classname="day33.AllAnnotations" name="tm2" time="0.002"/>
  <system-out/>
</testsuite> <!-- day33.AllAnnotations -->
