<?xml version="1.0" encoding="UTF-8"?>
<!-- Generated by org.testng.reporters.JUnitReportReporter -->
<testsuite hostname="DESKTOP-VC5SNKN" failures="0" tests="3" name="day32.FirstTestCase" time="0.023" errors="0" timestamp="2022-07-28T22:34:13 GMT-04:00" skipped="0">
  <testcase classname="day32.FirstTestCase" name="test2" time="0.003"/>
  <system-out/>
  <testcase classname="day32.FirstTestCase" name="test3" time="0.004"/>
  <system-out/>
  <testcase classname="day32.FirstTestCase" name="test1" time="0.016"/>
  <system-out/>
</testsuite> <!-- day32.FirstTestCase -->
