<?xml version="1.0" encoding="UTF-8"?>
<!-- Generated by org.testng.reporters.JUnitReportReporter -->
<testsuite hostname="DESKTOP-VC5SNKN" failures="0" tests="3" name="day32.TestingPriority" time="0.008" errors="0" timestamp="2022-07-28T22:34:13 GMT-04:00" skipped="0">
  <testcase classname="day32.TestingPriority" name="a" time="0.001"/>
  <system-out/>
  <testcase classname="day32.TestingPriority" name="b" time="0.002"/>
  <system-out/>
  <testcase classname="day32.TestingPriority" name="c" time="0.005"/>
  <system-out/>
</testsuite> <!-- day32.TestingPriority -->
