<?xml version="1.0" encoding="UTF-8"?>
<!-- Generated by org.testng.reporters.JUnitReportReporter -->
<testsuite hostname="DESKTOP-VC5SNKN" failures="0" tests="2" name="day33.AnnotationsDemo1" time="0.022" errors="0" timestamp="2022-07-29T19:30:56 GMT-04:00" skipped="0">
  <testcase classname="day33.AnnotationsDemo1" name="search" time="0.019"/>
  <system-out/>
  <testcase classname="day33.AnnotationsDemo1" name="advancedsearch" time="0.003"/>
  <system-out/>
</testsuite> <!-- day33.AnnotationsDemo1 -->
