<?xml version="1.0" encoding="UTF-8"?>
<!-- Generated by org.testng.reporters.JUnitReportReporter -->
<testsuite hostname="DESKTOP-VC5SNKN" failures="0" tests="2" name="day33.AnnotationsDemo2" time="0.021" errors="0" timestamp="2022-07-29T19:31:35 GMT-04:00" skipped="0">
  <testcase classname="day33.AnnotationsDemo2" name="search" time="0.019"/>
  <system-out/>
  <testcase classname="day33.AnnotationsDemo2" name="advancedsearch" time="0.002"/>
  <system-out/>
</testsuite> <!-- day33.AnnotationsDemo2 -->
